remotelog/build/intermediates/manifest_merge_blame_file/debug/processDebugManifest/manifest-merger-blame-debug-report.txt
1<?xml version="1.0" encoding="utf-8"?>
2<manifest xmlns:android="http://schemas.android.com/apk/res/android"
3    package="com.remotelog" >
4
5    <uses-sdk android:minSdkVersion="24" />
6
7    <uses-permission android:name="android.permission.FOREGROUND_SERVICE" />
7-->src/main/AndroidManifest.xml:4:5-77
7-->src/main/AndroidManifest.xml:4:22-74
8    <uses-permission android:name="android.permission.FOREGROUND_SERVICE_DATA_SYNC" />
8-->src/main/AndroidManifest.xml:5:5-87
8-->src/main/AndroidManifest.xml:5:22-84
9    <uses-permission android:name="android.permission.POST_NOTIFICATIONS" />
9-->src/main/AndroidManifest.xml:6:5-77
9-->src/main/AndroidManifest.xml:6:22-74
10    <uses-permission android:name="android.permission.ACCESS_NETWORK_STATE" />
10-->src/main/AndroidManifest.xml:7:5-79
10-->src/main/AndroidManifest.xml:7:22-76
11
12    <application>
12-->src/main/AndroidManifest.xml:9:5-28:19
13        <service
13-->src/main/AndroidManifest.xml:10:9-13:56
14            android:name="com.remotelog.RemoteLogcatService"
14-->src/main/AndroidManifest.xml:11:13-61
15            android:exported="false"
15-->src/main/AndroidManifest.xml:12:13-37
16            android:foregroundServiceType="dataSync" />
16-->src/main/AndroidManifest.xml:13:13-53
17
18        <activity
18-->src/main/AndroidManifest.xml:15:9-17:40
19            android:name="com.remotelog.ReportPreviewActivity"
19-->src/main/AndroidManifest.xml:16:13-63
20            android:exported="false" />
20-->src/main/AndroidManifest.xml:17:13-37
21
22        <provider
22-->src/main/AndroidManifest.xml:19:9-27:20
23            android:name="androidx.core.content.FileProvider"
23-->src/main/AndroidManifest.xml:20:13-62
24            android:authorities="${applicationId}.remotelog.fileprovider"
24-->src/main/AndroidManifest.xml:21:13-74
25            android:exported="false"
25-->src/main/AndroidManifest.xml:22:13-37
26            android:grantUriPermissions="true" >
26-->src/main/AndroidManifest.xml:23:13-47
27            <meta-data
27-->src/main/AndroidManifest.xml:24:13-26:64
28                android:name="android.support.FILE_PROVIDER_PATHS"
28-->src/main/AndroidManifest.xml:25:17-67
29                android:resource="@xml/remotelog_file_paths" />
29-->src/main/AndroidManifest.xml:26:17-61
30        </provider>
31    </application>
32
33</manifest>